**************************************************
Report         : passing_points

Reference      : Ref:/WORK/uart_tx
Implementation : Imp:/WORK/uart_tx
Version        : L-2016.03-SP1
Date           : Mon Oct 14 14:53:22 2024
**************************************************

24 Passing compare points:

  Ref  DFF        Ref:/WORK/uart_tx/U0/curent_state_reg[0]
  Impl DFF        Imp:/WORK/uart_tx/U0/curent_state_reg[0]

  Ref  DFF        Ref:/WORK/uart_tx/U0/curent_state_reg[1]
  Impl DFF        Imp:/WORK/uart_tx/U0/curent_state_reg[1]

  Ref  DFF        Ref:/WORK/uart_tx/U0/curent_state_reg[2]
  Impl DFF        Imp:/WORK/uart_tx/U0/curent_state_reg[2]

  Ref  DFF        Ref:/WORK/uart_tx/U2/saved_data_reg[0]
  Impl DFF        Imp:/WORK/uart_tx/U2/saved_data_reg[0]

  Ref  DFF        Ref:/WORK/uart_tx/U2/saved_data_reg[1]
  Impl DFF        Imp:/WORK/uart_tx/U2/saved_data_reg[1]

  Ref  DFF        Ref:/WORK/uart_tx/U2/saved_data_reg[2]
  Impl DFF        Imp:/WORK/uart_tx/U2/saved_data_reg[2]

  Ref  DFF        Ref:/WORK/uart_tx/U2/saved_data_reg[3]
  Impl DFF        Imp:/WORK/uart_tx/U2/saved_data_reg[3]

  Ref  DFF        Ref:/WORK/uart_tx/U2/saved_data_reg[4]
  Impl DFF        Imp:/WORK/uart_tx/U2/saved_data_reg[4]

  Ref  DFF        Ref:/WORK/uart_tx/U2/saved_data_reg[5]
  Impl DFF        Imp:/WORK/uart_tx/U2/saved_data_reg[5]

  Ref  DFF        Ref:/WORK/uart_tx/U2/saved_data_reg[6]
  Impl DFF        Imp:/WORK/uart_tx/U2/saved_data_reg[6]

  Ref  DFF        Ref:/WORK/uart_tx/U2/saved_data_reg[7]
  Impl DFF        Imp:/WORK/uart_tx/U2/saved_data_reg[7]

  Ref  DFF        Ref:/WORK/uart_tx/U3/cnt_reg[0]
  Impl DFF        Imp:/WORK/uart_tx/U3/cnt_reg[0]

  Ref  DFF        Ref:/WORK/uart_tx/U3/cnt_reg[1]
  Impl DFF        Imp:/WORK/uart_tx/U3/cnt_reg[1]

  Ref  DFF        Ref:/WORK/uart_tx/U3/cnt_reg[2]
  Impl DFF        Imp:/WORK/uart_tx/U3/cnt_reg[2]

  Ref  DFF        Ref:/WORK/uart_tx/U3/saved_data_reg[0]
  Impl DFF        Imp:/WORK/uart_tx/U3/saved_data_reg[0]

  Ref  DFF        Ref:/WORK/uart_tx/U3/saved_data_reg[1]
  Impl DFF        Imp:/WORK/uart_tx/U3/saved_data_reg[1]

  Ref  DFF        Ref:/WORK/uart_tx/U3/saved_data_reg[2]
  Impl DFF        Imp:/WORK/uart_tx/U3/saved_data_reg[2]

  Ref  DFF        Ref:/WORK/uart_tx/U3/saved_data_reg[3]
  Impl DFF        Imp:/WORK/uart_tx/U3/saved_data_reg[3]

  Ref  DFF        Ref:/WORK/uart_tx/U3/saved_data_reg[4]
  Impl DFF        Imp:/WORK/uart_tx/U3/saved_data_reg[4]

  Ref  DFF        Ref:/WORK/uart_tx/U3/saved_data_reg[5]
  Impl DFF        Imp:/WORK/uart_tx/U3/saved_data_reg[5]

  Ref  DFF        Ref:/WORK/uart_tx/U3/saved_data_reg[6]
  Impl DFF        Imp:/WORK/uart_tx/U3/saved_data_reg[6]

  Ref  DFF        Ref:/WORK/uart_tx/U3/saved_data_reg[7]
  Impl DFF        Imp:/WORK/uart_tx/U3/saved_data_reg[7]

  Ref  Port       Ref:/WORK/uart_tx/TX_OUT
  Impl Port       Imp:/WORK/uart_tx/TX_OUT

  Ref  Port       Ref:/WORK/uart_tx/busy
  Impl Port       Imp:/WORK/uart_tx/busy

 [BBNet: multiply-driven net
  BBPin: black-box pin
  Cut:   cut-point
  DFF:   non-constant DFF register
  DFF0:  constant 0 DFF register
  DFF1:  constant 1 DFF register
  DFFX:  constant X DFF register
  DFF0X: constrained 0X DFF register
  DFF1X: constrained 1X DFF register
  LAT:   non-constant latch register
  LAT0:  constant 0 latch register
  LAT1:  constant 1 latch register
  LATX:  constant X latch register
  LAT0X: constrained 0X latch register
  LAT1X: constrained 1X latch register
  LATCG: clock-gating latch register
  TLA:   transparent latch register
  TLA0X: transparent constrained 0X latch register
  TLA1X: transparent constrained 1X latch register
  Loop:  cycle break point
  Port:  primary (top-level) port
  Und:   undriven signal cut-point
  Unk:   unknown signal cut-point]

1
