                                        
                           Design Compiler Graphical 
                                 DC Ultra (TM)
                                  DFTMAX (TM)
                              Power Compiler (TM)
                                 DesignWare (R)
                                 DC Expert (TM)
                               Design Vision (TM)
                               HDL Compiler (TM)
                               VHDL Compiler (TM)
                                  DFT Compiler
                               Design Compiler(R)
                                        
                 Version K-2015.06 for linux64 - May 28, 2015 
                                        
                    Copyright (c) 1988 - 2015 Synopsys, Inc.
   This software and the associated documentation are proprietary to Synopsys,
 Inc. This software may only be used in accordance with the terms and conditions
 of a written license agreement with Synopsys, Inc. All other use, reproduction,
            or distribution of this software is strictly prohibited.
Initializing...
Initializing gui preferences from file  /home/IC/.synopsys_dv_prefs.tcl
########################### Define Top Module ############################
set top_module uart_tx
uart_tx
##################### Define Working Library Directory ######################
define_design_lib work -path ./work
1
################## Design Compiler Library Files #setup ######################
lappend search_path /home/IC/Assignments/Ass_DFT_1.0/std_cells
. /opt/Synopsys/Synplify2015/libraries/syn /opt/Synopsys/Synplify2015/minpower/syn /opt/Synopsys/Synplify2015/dw/syn_ver /opt/Synopsys/Synplify2015/dw/sim_ver /home/IC/Assignments/Ass_DFT_1.0/std_cells
lappend search_path /home/IC/Assignments/Ass_DFT_1.0/rtl
. /opt/Synopsys/Synplify2015/libraries/syn /opt/Synopsys/Synplify2015/minpower/syn /opt/Synopsys/Synplify2015/dw/syn_ver /opt/Synopsys/Synplify2015/dw/sim_ver /home/IC/Assignments/Ass_DFT_1.0/std_cells /home/IC/Assignments/Ass_DFT_1.0/rtl
set SSLIB "scmetro_tsmc_cl013g_rvt_ss_1p08v_125c.db"
scmetro_tsmc_cl013g_rvt_ss_1p08v_125c.db
set TTLIB "scmetro_tsmc_cl013g_rvt_tt_1p2v_25c.db"
scmetro_tsmc_cl013g_rvt_tt_1p2v_25c.db
set FFLIB "scmetro_tsmc_cl013g_rvt_ff_1p32v_m40c.db"
scmetro_tsmc_cl013g_rvt_ff_1p32v_m40c.db
## Standard Cell libraries 
set target_library [list $SSLIB $TTLIB $FFLIB]
scmetro_tsmc_cl013g_rvt_ss_1p08v_125c.db scmetro_tsmc_cl013g_rvt_tt_1p2v_25c.db scmetro_tsmc_cl013g_rvt_ff_1p32v_m40c.db
## Standard Cell & Hard Macros libraries 
set link_library [list * $SSLIB $TTLIB $FFLIB]  
* scmetro_tsmc_cl013g_rvt_ss_1p08v_125c.db scmetro_tsmc_cl013g_rvt_tt_1p2v_25c.db scmetro_tsmc_cl013g_rvt_ff_1p32v_m40c.db
#echo "###############################################"
#echo "############# Reading RTL Files  ##############"
#echo "###############################################"
set file_format sverilog
sverilog
read_file -format $file_format fsm.sv
Loading db file '/home/IC/Assignments/Ass_DFT_1.0/std_cells/scmetro_tsmc_cl013g_rvt_ss_1p08v_125c.db'
Loading db file '/home/IC/Assignments/Ass_DFT_1.0/std_cells/scmetro_tsmc_cl013g_rvt_tt_1p2v_25c.db'
Loading db file '/home/IC/Assignments/Ass_DFT_1.0/std_cells/scmetro_tsmc_cl013g_rvt_ff_1p32v_m40c.db'
Loading db file '/opt/Synopsys/Synplify2015/libraries/syn/gtech.db'
Loading db file '/opt/Synopsys/Synplify2015/libraries/syn/standard.sldb'
  Loading link library 'scmetro_tsmc_cl013g_rvt_ss_1p08v_125c'
  Loading link library 'scmetro_tsmc_cl013g_rvt_tt_1p2v_25c'
  Loading link library 'scmetro_tsmc_cl013g_rvt_ff_1p32v_m40c'
  Loading link library 'gtech'
Loading sverilog file '/home/IC/Assignments/Ass_DFT_1.0/rtl/fsm.sv'
Detecting input file type automatically (-rtl or -netlist).
Reading with Presto HDL Compiler (equivalent to -rtl option).
Running PRESTO HDLC
Compiling source file /home/IC/Assignments/Ass_DFT_1.0/rtl/fsm.sv

Statistics for case statements in always block at line 39 in file
	'/home/IC/Assignments/Ass_DFT_1.0/rtl/fsm.sv'
===============================================
|           Line           |  full/ parallel  |
===============================================
|            45            |    auto/auto     |
===============================================

Inferred memory devices in process
	in routine fsm line 31 in file
		'/home/IC/Assignments/Ass_DFT_1.0/rtl/fsm.sv'.
===============================================================================
|    Register Name    |   Type    | Width | Bus | MB | AR | AS | SR | SS | ST |
===============================================================================
|  curent_state_reg   | Flip-flop |   3   |  Y  | N  | Y  | N  | N  | N  | N  |
===============================================================================
Presto compilation completed successfully.
Current design is now '/home/IC/Assignments/Ass_DFT_1.0/rtl/fsm.db:fsm'
Loaded 1 design.
Current design is 'fsm'.
fsm
read_file -format $file_format mux.sv
Loading sverilog file '/home/IC/Assignments/Ass_DFT_1.0/rtl/mux.sv'
Detecting input file type automatically (-rtl or -netlist).
Reading with Presto HDL Compiler (equivalent to -rtl option).
Running PRESTO HDLC
Compiling source file /home/IC/Assignments/Ass_DFT_1.0/rtl/mux.sv

Statistics for case statements in always block at line 13 in file
	'/home/IC/Assignments/Ass_DFT_1.0/rtl/mux.sv'
===============================================
|           Line           |  full/ parallel  |
===============================================
|            14            |    auto/auto     |
===============================================
Presto compilation completed successfully.
Current design is now '/home/IC/Assignments/Ass_DFT_1.0/rtl/mux.db:mux'
Loaded 1 design.
Current design is 'mux'.
mux
read_file -format $file_format mux2X1.sv
Loading sverilog file '/home/IC/Assignments/Ass_DFT_1.0/rtl/mux2X1.sv'
Detecting input file type automatically (-rtl or -netlist).
Reading with Presto HDL Compiler (equivalent to -rtl option).
Running PRESTO HDLC
Compiling source file /home/IC/Assignments/Ass_DFT_1.0/rtl/mux2X1.sv
Presto compilation completed successfully.
Current design is now '/home/IC/Assignments/Ass_DFT_1.0/rtl/mux2X1.db:mux2X1'
Loaded 1 design.
Current design is 'mux2X1'.
mux2X1
read_file -format $file_format parity_calc.sv
Loading sverilog file '/home/IC/Assignments/Ass_DFT_1.0/rtl/parity_calc.sv'
Detecting input file type automatically (-rtl or -netlist).
Reading with Presto HDL Compiler (equivalent to -rtl option).
Running PRESTO HDLC
Compiling source file /home/IC/Assignments/Ass_DFT_1.0/rtl/parity_calc.sv

Statistics for case statements in always block at line 25 in file
	'/home/IC/Assignments/Ass_DFT_1.0/rtl/parity_calc.sv'
===============================================
|           Line           |  full/ parallel  |
===============================================
|            27            |    auto/auto     |
===============================================

Inferred memory devices in process
	in routine parity_calc line 13 in file
		'/home/IC/Assignments/Ass_DFT_1.0/rtl/parity_calc.sv'.
===============================================================================
|    Register Name    |   Type    | Width | Bus | MB | AR | AS | SR | SS | ST |
===============================================================================
|   saved_data_reg    | Flip-flop |   8   |  Y  | N  | Y  | N  | N  | N  | N  |
===============================================================================
Presto compilation completed successfully.
Current design is now '/home/IC/Assignments/Ass_DFT_1.0/rtl/parity_calc.db:parity_calc'
Loaded 1 design.
Current design is 'parity_calc'.
parity_calc
read_file -format $file_format ser.sv
Loading sverilog file '/home/IC/Assignments/Ass_DFT_1.0/rtl/ser.sv'
Detecting input file type automatically (-rtl or -netlist).
Reading with Presto HDL Compiler (equivalent to -rtl option).
Running PRESTO HDLC
Compiling source file /home/IC/Assignments/Ass_DFT_1.0/rtl/ser.sv

Inferred memory devices in process
	in routine ser line 11 in file
		'/home/IC/Assignments/Ass_DFT_1.0/rtl/ser.sv'.
===============================================================================
|    Register Name    |   Type    | Width | Bus | MB | AR | AS | SR | SS | ST |
===============================================================================
|   saved_data_reg    | Flip-flop |   8   |  Y  | N  | N  | Y  | N  | N  | N  |
===============================================================================

Inferred memory devices in process
	in routine ser line 22 in file
		'/home/IC/Assignments/Ass_DFT_1.0/rtl/ser.sv'.
===============================================================================
|    Register Name    |   Type    | Width | Bus | MB | AR | AS | SR | SS | ST |
===============================================================================
|       cnt_reg       | Flip-flop |   3   |  Y  | N  | Y  | N  | N  | N  | N  |
===============================================================================
Statistics for MUX_OPs
===========================================================
| block name/line  | Inputs | Outputs | # sel inputs | MB |
===========================================================
|      ser/35      |   8    |    1    |      3       | N  |
===========================================================
Presto compilation completed successfully.
Current design is now '/home/IC/Assignments/Ass_DFT_1.0/rtl/ser.db:ser'
Loaded 1 design.
Current design is 'ser'.
ser
read_file -format $file_format uart_tx.sv
Loading sverilog file '/home/IC/Assignments/Ass_DFT_1.0/rtl/uart_tx.sv'
Detecting input file type automatically (-rtl or -netlist).
Reading with Presto HDL Compiler (equivalent to -rtl option).
Running PRESTO HDLC
Compiling source file /home/IC/Assignments/Ass_DFT_1.0/rtl/uart_tx.sv
Presto compilation completed successfully.
Current design is now '/home/IC/Assignments/Ass_DFT_1.0/rtl/uart_tx.db:uart_tx'
Loaded 1 design.
Current design is 'uart_tx'.
uart_tx
###################### Defining toplevel ###################################
current_design $top_module
Current design is 'uart_tx'.
{uart_tx}
#################### Liniking All The Design Parts #########################
puts "###############################################"
###############################################
puts "######## Liniking All The Design Parts ########"
######## Liniking All The Design Parts ########
puts "###############################################"
###############################################
link 

  Linking design 'uart_tx'
  Using the following designs and libraries:
  --------------------------------------------------------------------------
  * (6 designs)               /home/IC/Assignments/Ass_DFT_1.0/rtl/uart_tx.db, etc
  scmetro_tsmc_cl013g_rvt_ss_1p08v_125c (library) /home/IC/Assignments/Ass_DFT_1.0/std_cells/scmetro_tsmc_cl013g_rvt_ss_1p08v_125c.db
  scmetro_tsmc_cl013g_rvt_tt_1p2v_25c (library) /home/IC/Assignments/Ass_DFT_1.0/std_cells/scmetro_tsmc_cl013g_rvt_tt_1p2v_25c.db
  scmetro_tsmc_cl013g_rvt_ff_1p32v_m40c (library) /home/IC/Assignments/Ass_DFT_1.0/std_cells/scmetro_tsmc_cl013g_rvt_ff_1p32v_m40c.db

1
#################### Liniking All The Design Parts #########################
puts "###############################################"
###############################################
puts "######## checking design consistency ##########"
######## checking design consistency ##########
puts "###############################################"
###############################################
check_design
 
****************************************
check_design summary:
Version:     K-2015.06
Date:        Mon Oct 14 14:09:48 2024
****************************************

                   Name                                            Total
--------------------------------------------------------------------------------
Inputs/Outputs                                                      3
    Unconnected ports (LINT-28)                                     3

Cells                                                               3
    Cells do not drive (LINT-1)                                     1
    Connected to power or ground (LINT-32)                          2
--------------------------------------------------------------------------------

Warning: In design 'ser', cell 'C92' does not drive any nets. (LINT-1)
Warning: In design 'uart_tx', port 'SI' is not connected to any nets. (LINT-28)
Warning: In design 'uart_tx', port 'SE' is not connected to any nets. (LINT-28)
Warning: In design 'uart_tx', port 'SO' is not connected to any nets. (LINT-28)
Warning: In design 'uart_tx', a pin on submodule 'U1' is connected to logic 1 or logic 0. (LINT-32)
   Pin 'start_bit' is connected to logic 0. 
Warning: In design 'uart_tx', a pin on submodule 'U1' is connected to logic 1 or logic 0. (LINT-32)
   Pin 'stop_bit' is connected to logic 1. 
1
############################### Path groups ################################
puts "###############################################"
###############################################
puts "################ Path groups ##################"
################ Path groups ##################
puts "###############################################"
###############################################
group_path -name INREG -from [all_inputs]
1
group_path -name REGOUT -to [all_outputs]
1
group_path -name INOUT -from [all_inputs] -to [all_outputs]
1
#################### Define Design Constraints #########################
puts "###############################################"
###############################################
puts "############ Design Constraints #### ##########"
############ Design Constraints #### ##########
puts "###############################################"
###############################################
source -echo ./cons.tcl
# Constraints
# ----------------------------------------------------------------------------
#
# 1. Master Clock Definitions
#
# 2. Generated Clock Definitions
#
# 3. Clock Uncertainties
#
# 4. Clock Latencies 
#
# 5. Clock Relationships
#
# 6. set input/output delay on ports
#
# 7. Driving cells
#
# 8. Output load
####################################################################################
#########################################################
#### Section 0 : DC Variables ####
#########################################################
#################################################################################### 
# Prevent assign statements in the generated netlist (must be applied before compile command)
set_fix_multiple_port_nets -all -buffer_constants -feedthroughs
####################################################################################
#########################################################
#### Section 1 : Clock Definition ####
#########################################################
#################################################################################### 
# 1. Master Clock Definitions 
# 2. Generated Clock Definitions
# 3. Clock Latencies
# 4. Clock Uncertainties
# 4. Clock Transitions
####################################################################################
#################################### FUNC Clocks ###################################
set CLK_NAME CLK
set CLK_PER 8.68
set CLK_SETUP_SKEW 0.025
set CLK_HOLD_SKEW 0.01
set CLK_LAT 0
set CLK_RISE 0.1
set CLK_FALL 0.1
create_clock -name $CLK_NAME -period $CLK_PER -waveform "0 [expr $CLK_PER/2]" [get_ports clk]
set_clock_uncertainty -setup $CLK_SETUP_SKEW [get_clocks $CLK_NAME]
set_clock_uncertainty -hold $CLK_HOLD_SKEW  [get_clocks $CLK_NAME]
set_clock_transition -rise $CLK_RISE  [get_clocks $CLK_NAME]
set_clock_transition -fall $CLK_FALL  [get_clocks $CLK_NAME]
set_clock_latency $CLK_LAT [get_clocks $CLK_NAME]
#################################### SCAN Clocks ###################################
set DFT_CLK_NAME DFTCLK
set DFT_CLK_PER 10
set DFT_CLK_SETUP_SKEW 0.025
set DFT_CLK_HOLD_SKEW 0.01
set DFT_CLK_LAT 0
set DFT_CLK_RISE 0.1
set DFT_CLK_FALL 0.1
create_clock -name $DFT_CLK_NAME -period $DFT_CLK_PER -waveform "0 [expr $DFT_CLK_PER/2]" [get_ports scan_clk]
set_clock_uncertainty -setup $DFT_CLK_SETUP_SKEW [get_clocks $DFT_CLK_NAME]
set_clock_uncertainty -hold $CLK_HOLD_SKEW  [get_clocks $DFT_CLK_NAME]
set_clock_transition -rise $DFT_CLK_RISE  [get_clocks $DFT_CLK_NAME]
set_clock_transition -fall $DFT_CLK_FALL  [get_clocks $DFT_CLK_NAME]
set_clock_latency $DFT_CLK_LAT [get_clocks $DFT_CLK_NAME]
set_dont_touch_network "$CLK_NAME $DFT_CLK_NAME [get_ports scan_rst] [get_ports rstn]"				  
Warning: Can't find object '_sel18' in design 'uart_tx'. (UID-95)
####################################################################################
#########################################################
#### Section 2 : Clocks Relationships ####
#########################################################
####################################################################################
set_clock_groups -asynchronous -group [get_clocks "$CLK_NAME"]                                    -group [get_clocks "$DFT_CLK_NAME"] 
####################################################################################
#########################################################
#### Section 3 : set input/output delay on ports ####
#########################################################
####################################################################################
set in_delay  [expr 0.3*$CLK_PER]
set out_delay [expr 0.3*$CLK_PER]
set in2_delay  [expr 0.3*$DFT_CLK_PER]
set out2_delay [expr 0.3*$DFT_CLK_PER]
#Constrain Input Paths
set_input_delay $in_delay -clock CLK [get_port P_DATA]
set_input_delay $in_delay -clock CLK [get_port data_valid]
set_input_delay $in_delay -clock CLK [get_port par_typ]
set_input_delay $in_delay -clock CLK [get_port par_en]
#Constrain Scan Input Paths
set_input_delay $in2_delay -clock $DFT_CLK_NAME [get_port test_mode]
set_input_delay $in2_delay -clock $DFT_CLK_NAME [get_port SI]
set_input_delay $in2_delay -clock $DFT_CLK_NAME [get_port SE]
#Constrain Output Paths
set_output_delay $out_delay -clock CLK [get_port TX_OUT]
set_output_delay $out_delay -clock CLK [get_port busy]
#Constrain Scan Output Paths
set_output_delay $out2_delay -clock $DFT_CLK_NAME [get_port SO]
####################################################################################
#########################################################
#### Section 4 : Driving cells ####
#########################################################
####################################################################################
#functional ports
set_driving_cell -library scmetro_tsmc_cl013g_rvt_ss_1p08v_125c -lib_cell BUFX2M -pin Y [get_port P_DATA]
Warning: Design rule attributes from the driving cell will be
	set on the port. (UID-401)
Warning: Design rule attributes from the driving cell will be
	set on the port. (UID-401)
Warning: Design rule attributes from the driving cell will be
	set on the port. (UID-401)
Warning: Design rule attributes from the driving cell will be
	set on the port. (UID-401)
Warning: Design rule attributes from the driving cell will be
	set on the port. (UID-401)
Warning: Design rule attributes from the driving cell will be
	set on the port. (UID-401)
Warning: Design rule attributes from the driving cell will be
	set on the port. (UID-401)
Warning: Design rule attributes from the driving cell will be
	set on the port. (UID-401)
set_driving_cell -library scmetro_tsmc_cl013g_rvt_ss_1p08v_125c -lib_cell BUFX2M -pin Y [get_port data_valid]
Warning: Design rule attributes from the driving cell will be
	set on the port. (UID-401)
set_driving_cell -library scmetro_tsmc_cl013g_rvt_ss_1p08v_125c -lib_cell BUFX2M -pin Y [get_port par_typ]
Warning: Design rule attributes from the driving cell will be
	set on the port. (UID-401)
set_driving_cell -library scmetro_tsmc_cl013g_rvt_ss_1p08v_125c -lib_cell BUFX2M -pin Y [get_port par_en]
Warning: Design rule attributes from the driving cell will be
	set on the port. (UID-401)
#scan ports
set_driving_cell -library scmetro_tsmc_cl013g_rvt_ss_1p08v_125c -lib_cell BUFX2M -pin Y [get_port test_mode]
Warning: Design rule attributes from the driving cell will be
	set on the port. (UID-401)
set_driving_cell -library scmetro_tsmc_cl013g_rvt_ss_1p08v_125c -lib_cell BUFX2M -pin Y [get_port SI]
Warning: Design rule attributes from the driving cell will be
	set on the port. (UID-401)
set_driving_cell -library scmetro_tsmc_cl013g_rvt_ss_1p08v_125c -lib_cell BUFX2M -pin Y [get_port SE]
Warning: Design rule attributes from the driving cell will be
	set on the port. (UID-401)
####################################################################################
#########################################################
#### Section 5 : Output load ####
#########################################################
####################################################################################
#functional ports
set_load 0.1 [get_port TX_OUT]
set_load 0.1 [get_port busy]
#scan ports
set_load 0.1  [get_port SO]
####################################################################################
#########################################################
#### Section 6 : Operating Condition ####
#########################################################
####################################################################################
# Define the Worst Library for Max(#setup) analysis
# Define the Best Library for Min(hold) analysis
set_operating_conditions -min_library "scmetro_tsmc_cl013g_rvt_ff_1p32v_m40c" -min "scmetro_tsmc_cl013g_rvt_ff_1p32v_m40c" -max_library "scmetro_tsmc_cl013g_rvt_ss_1p08v_125c" -max "scmetro_tsmc_cl013g_rvt_ss_1p08v_125c"
Using operating conditions 'scmetro_tsmc_cl013g_rvt_ss_1p08v_125c' found in library 'scmetro_tsmc_cl013g_rvt_ss_1p08v_125c'.
Using operating conditions 'scmetro_tsmc_cl013g_rvt_ff_1p32v_m40c' found in library 'scmetro_tsmc_cl013g_rvt_ff_1p32v_m40c'.
####################################################################################
#########################################################
#### Section 7 : wireload Model ####
#########################################################
####################################################################################
set_wire_load_model -name tsmc13_wl30 -library scmetro_tsmc_cl013g_rvt_ss_1p08v_125c
####################################################################################
#########################################################
#### Section 8 : Case Analysis ####
#########################################################
####################################################################################
set_case_analysis 0 [get_port test_mode]
####################################################################################
####################################################################################
#########################################################
#### Section 8 : multicycle path ####
#########################################################
####################################################################################
#################### Archirecture Scan Chains #########################
puts "###############################################"
###############################################
puts "############ Configure scan chains ############"
############ Configure scan chains ############
puts "###############################################"
###############################################
set_scan_configuration -clock_mixing no_mix  -style multiplexed_flip_flop -replace true -max_length 100  
Accepted scan configuration for modes: all_dft
1
###################### Mapping and optimization ########################
puts "###############################################"
###############################################
puts "########## Mapping & Optimization #############"
########## Mapping & Optimization #############
puts "###############################################"
###############################################
compile -scan
Information: Choosing a test methodology will restrict the optimization of sequential cells. (UIO-12)
Information: Evaluating DesignWare library utilization. (UISN-27)

============================================================================
| DesignWare Building Block Library  |         Version         | Available |
============================================================================
| Basic DW Building Blocks           | K-2015.06-DWBB_201506.0 |     *     |
| Licensed DW Building Blocks        |                         |           |
============================================================================


Information: There are 6 potential problems in your design. Please run 'check_design' for more information. (LINT-99)


Warning: Operating condition scmetro_tsmc_cl013g_rvt_ss_1p08v_125c set on design uart_tx has different process,
voltage and temperatures parameters than the parameters at which target library 
scmetro_tsmc_cl013g_rvt_tt_1p2v_25c is characterized. Delays may be inaccurate as a result. (OPT-998)

  Beginning Pass 1 Mapping
  ------------------------
  Processing 'ser'
  Processing 'parity_calc'
  Processing 'mux'
  Processing 'fsm'
  Processing 'mux2X1_0'
  Processing 'mux2X1_1'
  Processing 'uart_tx'

  Updating timing information
Information: Updating design information... (UID-85)

  Beginning Implementation Selection
  ----------------------------------

  Beginning Mapping Optimizations  (Medium effort)
  -------------------------------
  Mapping Optimization (Phase 1)

                                  TOTAL                                      
   ELAPSED            WORST NEG   SETUP    DESIGN                            
    TIME      AREA      SLACK     COST    RULE COST         ENDPOINT         
  --------- --------- --------- --------- --------- -------------------------
    0:00:02   40301.8      0.00       0.0       1.1                          
    0:00:02   40301.8      0.00       0.0       1.1                          
    0:00:02   40301.8      0.00       0.0       1.1                          
    0:00:03   40301.8      0.00       0.0       1.1                          
    0:00:03   40301.8      0.00       0.0       1.1                          
    0:00:03   39486.3      0.00       0.0       1.1                          
    0:00:03   39484.0      0.00       0.0       1.1                          
    0:00:03   39484.0      0.00       0.0       1.1                          
    0:00:03   39484.0      0.00       0.0       1.1                          
    0:00:03   39484.0      0.00       0.0       1.1                          
    0:00:03   39484.0      0.00       0.0       1.1                          
    0:00:03   39484.0      0.00       0.0       1.1                          
    0:00:03   39484.0      0.00       0.0       1.1                          
    0:00:03   39484.0      0.00       0.0       1.1                          



  Beginning Delay Optimization Phase
  ----------------------------------

                                  TOTAL                                      
   ELAPSED            WORST NEG   SETUP    DESIGN                            
    TIME      AREA      SLACK     COST    RULE COST         ENDPOINT         
  --------- --------- --------- --------- --------- -------------------------
    0:00:03   39484.0      0.00       0.0       1.1                          
    0:00:03   39484.0      0.00       0.0       1.1                          
    0:00:03   35476.9      0.00       0.0       3.9                          


  Beginning Design Rule Fixing  (max_transition)  (max_capacitance)
  ----------------------------

                                  TOTAL                                      
   ELAPSED            WORST NEG   SETUP    DESIGN                            
    TIME      AREA      SLACK     COST    RULE COST         ENDPOINT         
  --------- --------- --------- --------- --------- -------------------------
    0:00:03   35476.9      0.00       0.0       3.9                          
    0:00:03   37328.7      0.00       0.0       1.2                          


  Beginning Area-Recovery Phase  (cleanup)
  -----------------------------

                                  TOTAL                                      
   ELAPSED            WORST NEG   SETUP    DESIGN                            
    TIME      AREA      SLACK     COST    RULE COST         ENDPOINT         
  --------- --------- --------- --------- --------- -------------------------
    0:00:03   37328.7      0.00       0.0       1.2                          
    0:00:03   37328.7      0.00       0.0       1.2                          
    0:00:03   37041.6      0.00       0.0       1.2                          
    0:00:03   36898.1      0.00       0.0       1.2                          
    0:00:03   36898.1      0.00       0.0       1.2                          
    0:00:03   36898.1      0.00       0.0       1.2                          
    0:00:03   36898.1      0.00       0.0       1.2                          
    0:00:03   36898.1      0.00       0.0       1.2                          
    0:00:03   36898.1      0.00       0.0       1.2                          
    0:00:03   36898.1      0.00       0.0       1.2                          
    0:00:03   36898.1      0.00       0.0       1.2                          
    0:00:03   36898.1      0.00       0.0       1.2                          
    0:00:03   36898.1      0.00       0.0       1.2                          
Loading db file '/home/IC/Assignments/Ass_DFT_1.0/std_cells/scmetro_tsmc_cl013g_rvt_ss_1p08v_125c.db'
Loading db file '/home/IC/Assignments/Ass_DFT_1.0/std_cells/scmetro_tsmc_cl013g_rvt_tt_1p2v_25c.db'
Loading db file '/home/IC/Assignments/Ass_DFT_1.0/std_cells/scmetro_tsmc_cl013g_rvt_ff_1p32v_m40c.db'


Note: Symbol # after min delay cost means estimated hold TNS across all active scenarios 


  Optimization Complete
  ---------------------
1
################################################################### 
# Setting Test Timing Variables
################################################################### 
# Preclock Measure Protocol (default protocol)
set test_default_period 100
100
set test_default_delay 0
0
set test_default_bidir_delay 0
0
set test_default_strobe 20
20
set test_default_strobe_width 0
0
########################## Define DFT Signals ##########################
set_dft_signal -port [get_ports scan_clk]  -type ScanClock   -view existing_dft  -timing {30 60}
Accepted dft signal specification for modes: all_dft
1
set_dft_signal -port [get_ports scan_rst]  -type Reset       -view existing_dft  -active_state 0
Accepted dft signal specification for modes: all_dft
1
set_dft_signal -port [get_ports test_mode] -type Constant    -view existing_dft  -active_state 1 
Accepted dft signal specification for modes: all_dft
1
set_dft_signal -port [get_ports test_mode] -type TestMode    -view spec          -active_state 1 
Accepted dft signal specification for modes: all_dft
1
set_dft_signal -port [get_ports SE]        -type ScanEnable  -view spec          -active_state 1   -usage scan
Accepted dft signal specification for modes: all_dft
1
set_dft_signal -port [get_ports SI]        -type ScanDataIn  -view spec 
Accepted dft signal specification for modes: all_dft
1
set_dft_signal -port [get_ports SO]        -type ScanDataOut -view spec  
Accepted dft signal specification for modes: all_dft
1
############################# Create Test Protocol #####################
create_test_protocol
In mode: all_dft...

Information: Starting test protocol creation. (TEST-219)
  ...reading user specified clock signals...
Information: Identified system/test clock port scan_clk (30.0,60.0). (TEST-265)
  ...reading user specified asynchronous signals...
Information: Identified active low asynchronous control port scan_rst. (TEST-266)
1
###################### Pre-DFT Design Rule Checking ####################
dft_drc -verbose
In mode: all_dft...
  Pre-DFT DRC enabled

Information: Starting test design rule checking. (TEST-222)
  Loading test protocol
  ...basic checks...
  ...basic sequential cell checks...
  	...checking for scan equivalents...
  ...checking vector rules...
  ...checking pre-dft rules...

-----------------------------------------------------------------
  DRC Report

  Total violations: 0

-----------------------------------------------------------------


Test Design rule checking did not find violations

-----------------------------------------------------------------
  Sequential Cell Report

  0 out of 22 sequential cells have violations

-----------------------------------------------------------------

SEQUENTIAL CELLS WITHOUT VIOLATIONS
      *  22 cells are valid scan cells
         U0/curent_state_reg[1]
         U0/curent_state_reg[0]
         U0/curent_state_reg[2]
         U2/saved_data_reg[7]
         U2/saved_data_reg[6]
         U2/saved_data_reg[5]
         U2/saved_data_reg[4]
         U2/saved_data_reg[3]
         U2/saved_data_reg[2]
         U2/saved_data_reg[1]
         U2/saved_data_reg[0]
         U3/cnt_reg[1]
         U3/cnt_reg[0]
         U3/cnt_reg[2]
         U3/saved_data_reg[7]
         U3/saved_data_reg[6]
         U3/saved_data_reg[5]
         U3/saved_data_reg[4]
         U3/saved_data_reg[3]
         U3/saved_data_reg[2]
         U3/saved_data_reg[1]
         U3/saved_data_reg[0]

Information: Test design rule checking completed. (TEST-123)
1
############################# Preview DFT ##############################
preview_dft -show scan_summary
  Information: Using test design rule information from previous dft_drc run.
  Architecting Scan Chains

****************************************
Preview_dft report
For    : 'Insert_dft' command
Design : uart_tx
Version: K-2015.06
Date   : Mon Oct 14 14:10:05 2024
****************************************

Number of chains: 1
Scan methodology: full_scan
Scan style: multiplexed_flip_flop
Clock domain: no_mix

Chain      Scan Ports (si --> so)        # of Cells   Inst/Chain               Clock (port, time, edge)
-----      ----------------------        ----------   ----------               ------------------------
S 1        SI -->  SO                            22   U0/curent_state_reg[0]   (scan_clk, 30.0, rising) 
1
############################# Insert DFT ###############################
insert_dft
Loading db file '/home/IC/Assignments/Ass_DFT_1.0/std_cells/scmetro_tsmc_cl013g_rvt_ss_1p08v_125c.db'
Loading db file '/home/IC/Assignments/Ass_DFT_1.0/std_cells/scmetro_tsmc_cl013g_rvt_tt_1p2v_25c.db'
Loading db file '/home/IC/Assignments/Ass_DFT_1.0/std_cells/scmetro_tsmc_cl013g_rvt_ff_1p32v_m40c.db'
  Information: Using test design rule information from previous dft_drc run.
  Architecting Scan Chains
  Routing Scan Chains
  Routing Global Signals
  Mapping New Logic
Resetting current test mode
  Beginning Mapping Optimizations
  -------------------------------

                                  TOTAL                                      
   ELAPSED            WORST NEG   SETUP    DESIGN                            
    TIME      AREA      SLACK     COST    RULE COST         ENDPOINT         
  --------- --------- --------- --------- --------- -------------------------


  Beginning Phase 1 Design Rule Fixing  (max_transition)  (max_capacitance)
  ------------------------------------

                                  TOTAL                                      
   ELAPSED            WORST NEG   SETUP    DESIGN                            
    TIME      AREA      SLACK     COST    RULE COST         ENDPOINT         
  --------- --------- --------- --------- --------- -------------------------
    0:00:19   43772.2      0.00       0.0       9.0 U3/saved_data[7]         
    0:00:19   43772.2      0.00       0.0       9.0 U3/saved_data[7]         
    0:00:19   43772.2      0.00       0.0       9.0 U3/saved_data[7]         
    0:00:19   44202.8      0.00       0.0       8.6 U3/net1889               
    0:00:19   44202.8      0.00       0.0       8.6 U3/net1889               
    0:00:19   44202.8      0.00       0.0       8.6 U3/net1889               
    0:00:19   44202.8      0.00       0.0       8.6 U3/net1889               
    0:00:19   44352.2      0.00       0.0       7.9 U3/net1892               
    0:00:19   44501.7      0.00       0.0       7.9 U3/net1899               
    0:00:19   44214.6      0.00       0.0       7.9 U3/net1897               
    0:00:19   44358.1      0.00       0.0       7.8 U3/N3                    
    0:00:19   44507.5      0.00       0.0       7.8 U2/saved_data[7]         
    0:00:19   44657.0      0.00       0.0       7.8 U3/saved_data[4]         
    0:00:19   44806.4      0.00       0.0       7.8 U3/saved_data[0]         
    0:00:19   44955.8      0.00       0.0       7.8 U3/saved_data[3]         
    0:00:19   45105.2      0.00       0.0       7.8 U2/saved_data[3]         
    0:00:19   45254.6      0.00       0.0       7.8 U3/saved_data[5]         
    0:00:19   45404.0      0.00       0.0       7.8 U3/saved_data[1]         
    0:00:19   45553.4      0.00       0.0       7.8 U3/saved_data[6]         
    0:00:19   45702.9      0.00       0.0       7.8 U3/saved_data[2]         
    0:00:19   45852.3      0.00       0.0       7.8 U2/saved_data[2]         
    0:00:19   46001.7      0.00       0.0       7.8 U2/saved_data[4]         
    0:00:19   46151.1      0.00       0.0       7.8 U2/saved_data[0]         
    0:00:19   46300.5      0.00       0.0       7.8 U2/saved_data[5]         
    0:00:19   46449.9      0.00       0.0       7.8 U2/saved_data[1]         
    0:00:19   46599.3      0.00       0.0       7.8 U2/saved_data[6]         
    0:00:19   47173.5      0.00       0.0      12.3 SE                       
    0:00:19   47173.5      0.00       0.0      12.3 SE                       
    0:00:19   47173.5      0.00       0.0      12.3 SE                       
    0:00:19   47322.9      0.00       0.0      11.6 net1940                  
    0:00:19   47472.3      0.00       0.0      11.1 net1941                  
    0:00:19   47621.7      0.00       0.0      10.7 net1942                  
    0:00:19   48052.3      0.00       0.0      10.0 net1939                  
    0:00:19   48052.3      0.00       0.0      10.0 net1939                  
    0:00:19   48052.3      0.00       0.0      10.0 net1939                  
    0:00:19   48195.8      0.00       0.0      10.0 net1954                  
    0:00:19   47908.8      0.00       0.0      10.0 net1953                  
    0:00:19   48058.2      0.00       0.0      10.0 net1947                  
    0:00:19   48207.6      0.00       0.0      10.0 net1949                  
    0:00:19   48805.3      0.00       0.0       6.4 U3/test_se               
    0:00:19   48805.3      0.00       0.0       6.4 U3/test_se               
    0:00:19   48805.3      0.00       0.0       6.4 U3/test_se               
    0:00:19   49253.5      0.00       0.0       3.8 U2/test_se               
    0:00:19   49253.5      0.00       0.0       3.8 U2/test_se               
    0:00:19   49253.5      0.00       0.0       3.8 U2/test_se               
    0:00:19   49402.9      0.00       0.0       3.8 U3/net1903               
    0:00:19   49701.7      0.00       0.0       3.1 U3/test_se               
    0:00:19   49701.7      0.00       0.0       3.1 U3/test_se               
    0:00:19   49701.7      0.00       0.0       3.1 U3/test_se               
    0:00:19   49851.2      0.00       0.0       2.9 U3/net1971               
    0:00:19   49851.2      0.00       0.0       2.9 U3/net1971               
    0:00:19   50000.6      0.00       0.0       2.7 U3/net1970               
    0:00:19   50150.0      0.00       0.0       2.5 U0/test_se               
    0:00:19   50299.4      0.00       0.0       2.3 U2/net1978               
    0:00:19   50448.8      0.00       0.0       2.2 U2/net1977               
    0:00:19   50598.2      0.00       0.0       2.1 U2/test_se               
    0:00:19   50747.6      0.00       0.0       1.9 U3/net1986               


  Beginning Phase 2 Design Rule Fixing  (max_transition)  (max_capacitance)
  ------------------------------------

                                  TOTAL                                      
   ELAPSED            WORST NEG   SETUP    DESIGN                            
    TIME      AREA      SLACK     COST    RULE COST         ENDPOINT         
  --------- --------- --------- --------- --------- -------------------------

1
######################## Optimize Logic post DFT #######################
compile -scan -incremental
Information: Choosing a test methodology will restrict the optimization of sequential cells. (UIO-12)

Information: There are 2 potential problems in your design. Please run 'check_design' for more information. (LINT-99)


Warning: Operating condition scmetro_tsmc_cl013g_rvt_ss_1p08v_125c set on design uart_tx has different process,
voltage and temperatures parameters than the parameters at which target library 
scmetro_tsmc_cl013g_rvt_tt_1p2v_25c is characterized. Delays may be inaccurate as a result. (OPT-998)

  Beginning Pass 1 Mapping  (Incremental)
  ------------------------

  Updating timing information
Information: Updating design information... (UID-85)

  Beginning Mapping Optimizations  (Medium effort)  (Incremental)
  -------------------------------

  Beginning Incremental Implementation Selection
  ----------------------------------------------

  Beginning Delay Optimization Phase
  ----------------------------------

                                  TOTAL                                      
   ELAPSED            WORST NEG   SETUP    DESIGN                            
    TIME      AREA      SLACK     COST    RULE COST         ENDPOINT         
  --------- --------- --------- --------- --------- -------------------------
    0:00:02   50747.6      0.00       0.0       1.9                          
    0:00:02   50747.6      0.00       0.0       1.9                          
    0:00:03   50039.4      0.00       0.0       2.7                          


  Beginning Design Rule Fixing  (max_transition)  (max_capacitance)
  ----------------------------

                                  TOTAL                                      
   ELAPSED            WORST NEG   SETUP    DESIGN                            
    TIME      AREA      SLACK     COST    RULE COST         ENDPOINT         
  --------- --------- --------- --------- --------- -------------------------
    0:00:03   50039.4      0.00       0.0       2.7                          
    0:00:03   50034.7      0.00       0.0       1.2                          
Loading db file '/home/IC/Assignments/Ass_DFT_1.0/std_cells/scmetro_tsmc_cl013g_rvt_ss_1p08v_125c.db'
Loading db file '/home/IC/Assignments/Ass_DFT_1.0/std_cells/scmetro_tsmc_cl013g_rvt_tt_1p2v_25c.db'
Loading db file '/home/IC/Assignments/Ass_DFT_1.0/std_cells/scmetro_tsmc_cl013g_rvt_ff_1p32v_m40c.db'


Note: Symbol # after min delay cost means estimated hold TNS across all active scenarios 


  Optimization Complete
  ---------------------
1
###################### Design Rule Checking post DFT ###################
dft_drc -verbose -coverage_estimate > dft_drc_post_dft.rpt
#############################################################################
# Write out Design after initial compile
#############################################################################
write_file -format verilog -hierarchy -output uart_tx_netlist.v
Writing verilog file '/home/IC/Assignments/Ass_DFT_1.0/dft/uart_tx_netlist.v'.
Warning: Verilog 'assign' or 'tran' statements are written out. (VO-4)
1
write_file -format ddc -hierarchy -output uart_tx_netlist.ddc
Writing ddc file 'uart_tx_netlist.ddc'.
1
write_sdc  -nosplit uart_tx.sdc
1
write_sdf           uart_tx.sdf
Information: Annotated 'cell' delays are assumed to include load delay. (UID-282)
Information: Writing timing information to file '/home/IC/Assignments/Ass_DFT_1.0/dft/uart_tx.sdf'. (WT-3)
Information: Updating design information... (UID-85)
1
################# reporting #######################
report_power -hierarchy > power.rpt
report_area -hierarchy > area.rpt
report_timing -max_paths 100 -delay_type min > hold.rpt
report_timing -max_paths 100 -delay_type max > setup.rpt
report_clock -attributes > clocks.rpt
report_constraint -all_violators > constraints.rpt
report_port > ports.rpt
################# starting graphical user interface #######################
#gui_start
#exit
dc_shell> gui_start
dc_shell> Current design is 'uart_tx'.
Current design is 'uart_tx'.
dc_shell> Current design is 'uart_tx'.
Current design is 'uart_tx'.
Loading db file '/opt/Synopsys/Synplify2015/libraries/syn/generic.sdb'
dc_shell> exit

Memory usage for main task 303 Mbytes.
Memory usage for this session 303 Mbytes.
CPU usage for this session 32 seconds ( 0.01 hours ).

Thank you...
