 
****************************************
Report : port
Design : uart_tx
Version: K-2015.06
Date   : Mon Oct 14 14:10:24 2024
****************************************



Attributes:
    d - dont_touch_network

                       Pin      Wire     Max     Max     Connection
Port           Dir     Load     Load     Trans   Cap     Class      Attrs
--------------------------------------------------------------------------------
P_DATA[0]      in      0.0000   0.0000    1.50    0.18   --         
P_DATA[1]      in      0.0000   0.0000    1.50    0.18   --         
P_DATA[2]      in      0.0000   0.0000    1.50    0.18   --         
P_DATA[3]      in      0.0000   0.0000    1.50    0.18   --         
P_DATA[4]      in      0.0000   0.0000    1.50    0.18   --         
P_DATA[5]      in      0.0000   0.0000    1.50    0.18   --         
P_DATA[6]      in      0.0000   0.0000    1.50    0.18   --         
P_DATA[7]      in      0.0000   0.0000    1.50    0.18   --         
SE             in      0.0000   0.0000    1.50    0.18   --         
SI             in      0.0000   0.0000    1.50    0.18   --         
clk            in      0.0000   0.0000   --      --      --         d
data_valid     in      0.0000   0.0000    1.50    0.18   --         
par_en         in      0.0000   0.0000    1.50    0.18   --         
par_typ        in      0.0000   0.0000    1.50    0.18   --         
rstn           in      0.0000   0.0000   --      --      --         d
scan_clk       in      0.0000   0.0000   --      --      --         d
scan_rst       in      0.0000   0.0000   --      --      --         
test_mode      in      0.0000   0.0000    1.50    0.18   --         
SO             out     0.1000   0.0000   --      --      --         
TX_OUT         out     0.1000   0.0000   --      --      --         
busy           out     0.1000   0.0000   --      --      --         

1
